<?xml version="1.0" encoding="UTF-8"?>
<!-- Generated by org.testng.reporters.JUnitReportReporter -->
<testsuite hostname="LAPTOP-5F1O7FD6" failures="0" tests="1" name="com.class4.LoginAndTitle" time="11.961" errors="0" timestamp="2020-01-17T23:20:15 CST" skipped="0">
  <testcase classname="com.class4.LoginAndTitle" name="logoValidation" time="11.961"/>
</testsuite> <!-- com.class4.LoginAndTitle -->
