<?xml version="1.0" encoding="UTF-8"?>
<!-- Generated by org.testng.reporters.JUnitReportReporter -->
<testsuite skipped="0" hostname="LAPTOP-5F1O7FD6" name="com.class01.TestNG" tests="3" failures="0" timestamp="2020-03-02T22:27:05 CST" time="0.025" errors="0">
  <testcase name="testThree" time="0.002" classname="com.class01.TestNG"/>
  <testcase name="testOne" time="0.019" classname="com.class01.TestNG"/>
  <testcase name="testTwo" time="0.004" classname="com.class01.TestNG"/>
</testsuite> <!-- com.class01.TestNG -->
