<?xml version="1.0" encoding="UTF-8"?>
<!-- Generated by org.testng.reporters.JUnitReportReporter -->
<testsuite hostname="LAPTOP-5F1O7FD6" failures="0" tests="3" name="com.class3.DataProviderDemo" time="54.938" errors="0" timestamp="2020-01-14T21:35:21 CST" skipped="0">
  <testcase classname="com.class3.DataProviderDemo" name="login" time="18.308"/>
  <testcase classname="com.class3.DataProviderDemo" name="login" time="18.026"/>
  <testcase classname="com.class3.DataProviderDemo" name="login" time="18.604"/>
</testsuite> <!-- com.class3.DataProviderDemo -->
