<?xml version="1.0" encoding="UTF-8"?>
<!-- Generated by org.testng.reporters.JUnitReportReporter -->
<testsuite hostname="LAPTOP-5F1O7FD6" failures="0" tests="2" name="com.class01.HWTestNG" time="24.943" errors="0" timestamp="2020-01-14T21:35:21 CST" skipped="0">
  <testcase classname="com.class01.HWTestNG" name="negativeTest" time="11.593"/>
  <testcase classname="com.class01.HWTestNG" name="logoisDisplayed" time="13.350"/>
</testsuite> <!-- com.class01.HWTestNG -->
