<?xml version="1.0" encoding="UTF-8"?>
<!-- Generated by org.testng.reporters.JUnitReportReporter -->
<testsuite hostname="LAPTOP-5F1O7FD6" failures="0" tests="3" name="com.class01.Task1" time="0.003" errors="0" timestamp="2020-01-14T21:35:21 CST" skipped="0">
  <testcase classname="com.class01.Task1" name="snow" time="0.001"/>
  <testcase classname="com.class01.Task1" name="storm" time="0.001"/>
  <testcase classname="com.class01.Task1" name="rain" time="0.001"/>
</testsuite> <!-- com.class01.Task1 -->
