<?xml version="1.0" encoding="UTF-8"?>
<!-- Generated by org.testng.reporters.JUnitReportReporter -->
<testsuite hostname="LAPTOP-5F1O7FD6" failures="0" tests="3" name="com.class01.TitleLogoAndLoginVerification" time="35.399" errors="0" timestamp="2020-01-14T21:35:21 CST" skipped="0">
  <testcase classname="com.class01.TitleLogoAndLoginVerification" name="validLogin" time="13.163"/>
  <testcase classname="com.class01.TitleLogoAndLoginVerification" name="logoValidation" time="11.143"/>
  <testcase classname="com.class01.TitleLogoAndLoginVerification" name="titleValidation" time="11.093"/>
</testsuite> <!-- com.class01.TitleLogoAndLoginVerification -->
