<?xml version="1.0" encoding="UTF-8"?>
<!-- Generated by org.testng.reporters.JUnitReportReporter -->
<testsuite hostname="LAPTOP-5F1O7FD6" failures="0" tests="2" name="com.class02.TaskAssertion" time="24.881" errors="0" timestamp="2020-01-14T21:35:21 CST" skipped="0">
  <testcase classname="com.class02.TaskAssertion" name="negativeTest" time="11.344"/>
  <testcase classname="com.class02.TaskAssertion" name="logoisDisplayed" time="13.537"/>
</testsuite> <!-- com.class02.TaskAssertion -->
