<?xml version="1.0" encoding="UTF-8"?>
<!-- Generated by org.testng.reporters.JUnitReportReporter -->
<testsuite hostname="LAPTOP-5F1O7FD6" failures="0" tests="2" name="com.class3.AlwaysRun" time="0.010" errors="0" timestamp="2020-01-14T21:35:21 CST" skipped="0">
  <testcase classname="com.class3.AlwaysRun" name="testMethod" time="0.007"/>
  <testcase classname="com.class3.AlwaysRun" name="testMethod1" time="0.003"/>
</testsuite> <!-- com.class3.AlwaysRun -->
