<?xml version="1.0" encoding="UTF-8"?>
<!-- Generated by org.testng.reporters.JUnitReportReporter -->
<testsuite hostname="LAPTOP-5F1O7FD6" failures="0" tests="2" name="com.class01.Task2Annotations" time="0.005" errors="0" timestamp="2020-01-14T21:35:21 CST" skipped="0">
  <testcase classname="com.class01.Task2Annotations" name="test2" time="0.002"/>
  <testcase classname="com.class01.Task2Annotations" name="test1" time="0.003"/>
</testsuite> <!-- com.class01.Task2Annotations -->
