<?xml version="1.0" encoding="UTF-8"?>
<!-- Generated by org.testng.reporters.JUnitReportReporter -->
<testsuite hostname="LAPTOP-5F1O7FD6" failures="0" tests="2" name="com.class02.AssertionDemo" time="24.381" errors="0" timestamp="2020-01-14T21:35:21 CST" skipped="0">
  <testcase classname="com.class02.AssertionDemo" name="logoValidation" time="11.907"/>
  <testcase classname="com.class02.AssertionDemo" name="titleValidation" time="12.474"/>
</testsuite> <!-- com.class02.AssertionDemo -->
