<?xml version="1.0" encoding="UTF-8"?>
<!-- Generated by org.testng.reporters.JUnitReportReporter -->
<testsuite hostname="LAPTOP-5F1O7FD6" failures="0" tests="1" name="com.class3.Groups" time="14.282" errors="0" timestamp="2020-01-16T21:37:27 CST" skipped="0">
  <testcase classname="com.class3.Groups" name="validLogin" time="14.282"/>
</testsuite> <!-- com.class3.Groups -->
